<?xml version="1.0" encoding="UTF-8"?>
<testsuite xmlns:xsi="http://www.w3.org/2001/XMLSchema-instance" xsi:noNamespaceSchemaLocation="https://maven.apache.org/surefire/maven-surefire-plugin/xsd/surefire-test-report-3.0.xsd" version="3.0" name="runners.RunnerTest" time="90.453" tests="6" errors="0" skipped="0" failures="0">
  <properties>
[...]
</properties>
  <testcase name="Registro de usuario com dados do banco" classname="Funcionalidades do Demo Web Shop com dados externos" time="13.945">
    <system-out><![CDATA[
@all @registration
Scenario: Registro de usuario com dados do banco                   &amp#27;[90m# src/test/resources/features/demowebshop.feature:4&amp#27;[0m
access page register
  &amp#27;[32mGiven &amp#27;[0m&amp#27;[32mque o usuario esta na pagina de registro&amp#27;[0m                   &amp#27;[90m# steps.DemoWebShopStep.que_o_usuario_esta_na_pagina_de_registro()&amp#27;[0m
fill user register
📸 Screenshot salvo: C:\workspace\workspace-eclipse\demo-web-shop-automation-java\evidencias\Registro_de_usuario_com_dados_do_banco\01_fill_user_register.png
  &amp#27;[32mWhen &amp#27;[0m&amp#27;[32mele realiza o cadastro com dados vindos do banco&amp#27;[0m            &amp#27;[90m# steps.DemoWebShopStep.ele_realiza_o_cadastro_com_dados_vindos_do_banco()&amp#27;[0m
validate user registration
📸 Screenshot salvo: C:\workspace\workspace-eclipse\demo-web-shop-automation-java\evidencias\Registro_de_usuario_com_dados_do_banco\02_Validate_User_registration.png
  &amp#27;[32mThen &amp#27;[0m&amp#27;[32mo sistema deve responder de acordo com o resultado esperado&amp#27;[0m &amp#27;[90m# steps.DemoWebShopStep.o_sistema_deve_responder_de_acordo_com_o_resultado_esperado()&amp#27;[0m
]]></system-out>
    <system-err><![CDATA[jun. 15, 2025 9:03:09 PM org.openqa.selenium.devtools.CdpVersionFinder findNearestMatch
WARNING: Unable to find CDP implementation matching 137
jun. 15, 2025 9:03:09 PM org.openqa.selenium.chromium.ChromiumDriver lambda$new$5
WARNING: Unable to find version of CDP to use for 137.0.7151.104. You may need to include a dependency on a specific version of the CDP using something similar to `org.seleniumhq.selenium:selenium-devtools-v86:4.18.1` where the version ("v86") matches the version of the chromium-based browser you're using and the version number of the artifact is the same as Selenium's.
ERROR StatusLogger Log4j2 could not find a logging implementation. Please add log4j-core to the classpath. Using SimpleLogger to log to the console...
]]></system-err>
  </testcase>
  <testcase name="Login com dados do banco" classname="Funcionalidades do Demo Web Shop com dados externos" time="12.29">
    <system-out><![CDATA[
@all @login
Scenario: Login com dados do banco                &amp#27;[90m# src/test/resources/features/demowebshop.feature:10&amp#27;[0m
access page register
fill user register
📸 Screenshot salvo: C:\workspace\workspace-eclipse\demo-web-shop-automation-java\evidencias\Login_com_dados_do_banco\01_fill_user_register.png
Access login page
  &amp#27;[32mGiven &amp#27;[0m&amp#27;[32mque o usuario esta na pagina de login&amp#27;[0m     &amp#27;[90m# steps.DemoWebShopStep.que_o_usuario_esta_na_pagina_de_login()&amp#27;[0m
log in...
📸 Screenshot salvo: C:\workspace\workspace-eclipse\demo-web-shop-automation-java\evidencias\Login_com_dados_do_banco\02_login.png
  &amp#27;[32mWhen &amp#27;[0m&amp#27;[32mele realiza login com os dados do banco&amp#27;[0m    &amp#27;[90m# steps.DemoWebShopStep.ele_realiza_login_com_os_dados_do_banco()&amp#27;[0m
validate Homepage
📸 Screenshot salvo: C:\workspace\workspace-eclipse\demo-web-shop-automation-java\evidencias\Login_com_dados_do_banco\03_Validate_Login.png
  &amp#27;[32mThen &amp#27;[0m&amp#27;[32mo sistema deve exibir o resultado esperado&amp#27;[0m &amp#27;[90m# steps.DemoWebShopStep.o_sistema_deve_exibir_o_resultado_esperado()&amp#27;[0m
]]></system-out>
    <system-err><![CDATA[jun. 15, 2025 9:03:21 PM org.openqa.selenium.devtools.CdpVersionFinder findNearestMatch
WARNING: Unable to find CDP implementation matching 137
jun. 15, 2025 9:03:21 PM org.openqa.selenium.chromium.ChromiumDriver lambda$new$5
WARNING: Unable to find version of CDP to use for 137.0.7151.104. You may need to include a dependency on a specific version of the CDP using something similar to `org.seleniumhq.selenium:selenium-devtools-v86:4.18.1` where the version ("v86") matches the version of the chromium-based browser you're using and the version number of the artifact is the same as Selenium's.
]]></system-err>
  </testcase>
  <testcase name="Busca de produtos" classname="Funcionalidades do Demo Web Shop com dados externos" time="12.623">
    <system-out><![CDATA[
@all @search
Scenario: Busca de produtos                                &amp#27;[90m# src/test/resources/features/demowebshop.feature:16&amp#27;[0m
access page register
fill user register
📸 Screenshot salvo: C:\workspace\workspace-eclipse\demo-web-shop-automation-java\evidencias\Busca_de_produtos\01_fill_user_register.png
Access login page
log in...
📸 Screenshot salvo: C:\workspace\workspace-eclipse\demo-web-shop-automation-java\evidencias\Busca_de_produtos\02_login.png
  &amp#27;[32mGiven &amp#27;[0m&amp#27;[32mque o usuario esta na pagina inicial&amp#27;[0m               &amp#27;[90m# steps.DemoWebShopStep.que_o_usuario_esta_na_pagina_inicial()&amp#27;[0m
search itens
  &amp#27;[32mWhen &amp#27;[0m&amp#27;[32mele realiza uma busca&amp#27;[0m                               &amp#27;[90m# steps.DemoWebShopStep.ele_realiza_uma_busca_com_o_termo_vindo_do_banco()&amp#27;[0m
validate results
📸 Screenshot salvo: C:\workspace\workspace-eclipse\demo-web-shop-automation-java\evidencias\Busca_de_produtos\03_Validate_results.png
  &amp#27;[32mThen &amp#27;[0m&amp#27;[32mo sistema deve exibir os resultados correspondentes&amp#27;[0m &amp#27;[90m# steps.DemoWebShopStep.o_sistema_deve_exibir_os_resultados_correspondentes()&amp#27;[0m
]]></system-out>
    <system-err><![CDATA[jun. 15, 2025 9:03:34 PM org.openqa.selenium.devtools.CdpVersionFinder findNearestMatch
WARNING: Unable to find CDP implementation matching 137
jun. 15, 2025 9:03:34 PM org.openqa.selenium.chromium.ChromiumDriver lambda$new$5
WARNING: Unable to find version of CDP to use for 137.0.7151.104. You may need to include a dependency on a specific version of the CDP using something similar to `org.seleniumhq.selenium:selenium-devtools-v86:4.18.1` where the version ("v86") matches the version of the chromium-based browser you're using and the version number of the artifact is the same as Selenium's.
]]></system-err>
  </testcase>
  <testcase name="Adicionar produto ao carrinho com dados do banco" classname="Funcionalidades do Demo Web Shop com dados externos" time="13.289">
    <system-out><![CDATA[
@all @cart
Scenario: Adicionar produto ao carrinho com dados do banco &amp#27;[90m# src/test/resources/features/demowebshop.feature:22&amp#27;[0m
access page register
fill user register
📸 Screenshot salvo: C:\workspace\workspace-eclipse\demo-web-shop-automation-java\evidencias\Adicionar_produto_ao_carrinho_com_dados_do_banco\01_fill_user_register.png
Access login page
log in...
📸 Screenshot salvo: C:\workspace\workspace-eclipse\demo-web-shop-automation-java\evidencias\Adicionar_produto_ao_carrinho_com_dados_do_banco\02_login.png
  &amp#27;[32mGiven &amp#27;[0m&amp#27;[32mque o usuario esta logado&amp#27;[0m                          &amp#27;[90m# steps.DemoWebShopStep.que_o_usuario_esta_logado()&amp#27;[0m
search itens
  &amp#27;[32mAnd &amp#27;[0m&amp#27;[32mesta na pagina de um produto vindo do banco&amp#27;[0m          &amp#27;[90m# steps.DemoWebShopStep.esta_na_pagina_de_um_produto_vindo_do_banco()&amp#27;[0m
Add to cart
first button select
📸 Screenshot salvo: C:\workspace\workspace-eclipse\demo-web-shop-automation-java\evidencias\Adicionar_produto_ao_carrinho_com_dados_do_banco\03_Add_to_cart.png
  &amp#27;[32mWhen &amp#27;[0m&amp#27;[32mele adiciona o produto ao carrinho&amp#27;[0m                  &amp#27;[90m# steps.DemoWebShopStep.ele_adiciona_o_produto_ao_carrinho()&amp#27;[0m
validate cart
📸 Screenshot salvo: C:\workspace\workspace-eclipse\demo-web-shop-automation-java\evidencias\Adicionar_produto_ao_carrinho_com_dados_do_banco\04_Validate_cart.png
  &amp#27;[32mThen &amp#27;[0m&amp#27;[32mo produto deve estar visivel no carrinho&amp#27;[0m            &amp#27;[90m# steps.DemoWebShopStep.o_produto_deve_estar_visivel_no_carrinho()&amp#27;[0m
]]></system-out>
    <system-err><![CDATA[jun. 15, 2025 9:03:46 PM org.openqa.selenium.devtools.CdpVersionFinder findNearestMatch
WARNING: Unable to find CDP implementation matching 137
jun. 15, 2025 9:03:46 PM org.openqa.selenium.chromium.ChromiumDriver lambda$new$5
WARNING: Unable to find version of CDP to use for 137.0.7151.104. You may need to include a dependency on a specific version of the CDP using something similar to `org.seleniumhq.selenium:selenium-devtools-v86:4.18.1` where the version ("v86") matches the version of the chromium-based browser you're using and the version number of the artifact is the same as Selenium's.
]]></system-err>
  </testcase>
  <testcase name="Remover produto do carrinho com dados do banco" classname="Funcionalidades do Demo Web Shop com dados externos" time="14.207">
    <system-out><![CDATA[
@all @remove
Scenario: Remover produto do carrinho com dados do banco &amp#27;[90m# src/test/resources/features/demowebshop.feature:29&amp#27;[0m
access page register
fill user register
📸 Screenshot salvo: C:\workspace\workspace-eclipse\demo-web-shop-automation-java\evidencias\Remover_produto_do_carrinho_com_dados_do_banco\01_fill_user_register.png
Access login page
log in...
📸 Screenshot salvo: C:\workspace\workspace-eclipse\demo-web-shop-automation-java\evidencias\Remover_produto_do_carrinho_com_dados_do_banco\02_login.png
  &amp#27;[32mGiven &amp#27;[0m&amp#27;[32mque o usuario esta logado&amp#27;[0m                        &amp#27;[90m# steps.DemoWebShopStep.que_o_usuario_esta_logado()&amp#27;[0m
search itens
Add to cart
first button select
📸 Screenshot salvo: C:\workspace\workspace-eclipse\demo-web-shop-automation-java\evidencias\Remover_produto_do_carrinho_com_dados_do_banco\03_Add_to_cart.png
access to cart
  &amp#27;[32mAnd &amp#27;[0m&amp#27;[32mque o usuario tem um produto no carrinho&amp#27;[0m           &amp#27;[90m# steps.DemoWebShopStep.que_o_usuario_tem_um_produto_no_carrinho_vindo_do_banco()&amp#27;[0m
remove product
📸 Screenshot salvo: C:\workspace\workspace-eclipse\demo-web-shop-automation-java\evidencias\Remover_produto_do_carrinho_com_dados_do_banco\04_Shopping_cart.png
  &amp#27;[32mWhen &amp#27;[0m&amp#27;[32mele acessa o carrinho e remove o produto&amp#27;[0m          &amp#27;[90m# steps.DemoWebShopStep.ele_acessa_o_carrinho_e_remove_o_produto()&amp#27;[0m
Validate empty cart
📸 Screenshot salvo: C:\workspace\workspace-eclipse\demo-web-shop-automation-java\evidencias\Remover_produto_do_carrinho_com_dados_do_banco\05_cart_is_empty_.png
  &amp#27;[32mThen &amp#27;[0m&amp#27;[32mo carrinho nao deve conter mais o item&amp#27;[0m            &amp#27;[90m# steps.DemoWebShopStep.o_carrinho_nao_deve_conter_mais_o_item()&amp#27;[0m
]]></system-out>
    <system-err><![CDATA[jun. 15, 2025 9:04:00 PM org.openqa.selenium.devtools.CdpVersionFinder findNearestMatch
WARNING: Unable to find CDP implementation matching 137
jun. 15, 2025 9:04:00 PM org.openqa.selenium.chromium.ChromiumDriver lambda$new$5
WARNING: Unable to find version of CDP to use for 137.0.7151.104. You may need to include a dependency on a specific version of the CDP using something similar to `org.seleniumhq.selenium:selenium-devtools-v86:4.18.1` where the version ("v86") matches the version of the chromium-based browser you're using and the version number of the artifact is the same as Selenium's.
]]></system-err>
  </testcase>
  <testcase name="Finalizar compra com dados do banco" classname="Funcionalidades do Demo Web Shop com dados externos" time="22.632">
    <system-out><![CDATA[
@all @finalize
Scenario: Finalizar compra com dados do banco         &amp#27;[90m# src/test/resources/features/demowebshop.feature:36&amp#27;[0m
access page register
fill user register
📸 Screenshot salvo: C:\workspace\workspace-eclipse\demo-web-shop-automation-java\evidencias\Finalizar_compra_com_dados_do_banco\01_fill_user_register.png
Access login page
log in...
📸 Screenshot salvo: C:\workspace\workspace-eclipse\demo-web-shop-automation-java\evidencias\Finalizar_compra_com_dados_do_banco\02_login.png
  &amp#27;[32mGiven &amp#27;[0m&amp#27;[32mque o usuario esta logado&amp#27;[0m                     &amp#27;[90m# steps.DemoWebShopStep.que_o_usuario_esta_logado()&amp#27;[0m
search itens
Add to cart
first button select
📸 Screenshot salvo: C:\workspace\workspace-eclipse\demo-web-shop-automation-java\evidencias\Finalizar_compra_com_dados_do_banco\03_Add_to_cart.png
access to cart
  &amp#27;[32mAnd &amp#27;[0m&amp#27;[32mque o usuario tem um produto no carrinho&amp#27;[0m        &amp#27;[90m# steps.DemoWebShopStep.que_o_usuario_tem_um_produto_no_carrinho_vindo_do_banco()&amp#27;[0m
realize checkout
billing address
📸 Screenshot salvo: C:\workspace\workspace-eclipse\demo-web-shop-automation-java\evidencias\Finalizar_compra_com_dados_do_banco\04_billing_address.png
shipping address
📸 Screenshot salvo: C:\workspace\workspace-eclipse\demo-web-shop-automation-java\evidencias\Finalizar_compra_com_dados_do_banco\05_shipping_address.png
second button select
payment method
📸 Screenshot salvo: C:\workspace\workspace-eclipse\demo-web-shop-automation-java\evidencias\Finalizar_compra_com_dados_do_banco\06_payment_method.png
payment information
📸 Screenshot salvo: C:\workspace\workspace-eclipse\demo-web-shop-automation-java\evidencias\Finalizar_compra_com_dados_do_banco\07_payment_information.png
confirm order
📸 Screenshot salvo: C:\workspace\workspace-eclipse\demo-web-shop-automation-java\evidencias\Finalizar_compra_com_dados_do_banco\08_confirm_order.png
  &amp#27;[32mWhen &amp#27;[0m&amp#27;[32mele realiza o checkout&amp#27;[0m                         &amp#27;[90m# steps.DemoWebShopStep.ele_realiza_o_checkout_com_os_dados_do_banco()&amp#27;[0m
validate order
Texto real encontrado: 'Your order has been successfully processed!'
  &amp#27;[32mThen &amp#27;[0m&amp#27;[32mo sistema deve confirmar a compra corretamente&amp#27;[0m &amp#27;[90m# steps.DemoWebShopStep.o_sistema_deve_confirmar_a_compra_corretamente()&amp#27;[0m
]]></system-out>
    <system-err><![CDATA[jun. 15, 2025 9:04:14 PM org.openqa.selenium.devtools.CdpVersionFinder findNearestMatch
WARNING: Unable to find CDP implementation matching 137
jun. 15, 2025 9:04:14 PM org.openqa.selenium.chromium.ChromiumDriver lambda$new$5
WARNING: Unable to find version of CDP to use for 137.0.7151.104. You may need to include a dependency on a specific version of the CDP using something similar to `org.seleniumhq.selenium:selenium-devtools-v86:4.18.1` where the version ("v86") matches the version of the chromium-based browser you're using and the version number of the artifact is the same as Selenium's.
]]></system-err>
  </testcase>
</testsuite>